2020-08-05 08:04:19,940 [Worker-6: Loading available Gradle versions] INFO  o.e.b.c.i.u.g.PublishedGradleVersions - Gradle version information cache is out-of-date. Trying to update.
2020-08-05 08:08:36,235 [Worker-3: Loading available Gradle versions] INFO  o.e.b.c.i.u.g.PublishedGradleVersions - Gradle version information cache is up-to-date. Trying to read.
2020-08-05 08:12:39,492 [Worker-5: Loading available Gradle versions] INFO  o.e.b.c.i.u.g.PublishedGradleVersions - Gradle version information cache is up-to-date. Trying to read.
2020-08-05 08:14:30,828 [Worker-11: Enabling Maven Dependency Management] INFO  o.e.m.c.i.l.LifecycleMappingFactory - Using org.eclipse.m2e.jdt.JarLifecycleMapping lifecycle mapping for MavenProject: RailSpot.BackEnd:RailSpot.BackEnd:0.0.1-SNAPSHOT @ D:\Libraries\Documents\GitHub\Datos1.Proyecto3\Datos1.Proyecto3.Railspot\RailSpot.BackEnd\pom.xml.
2020-08-05 08:14:35,189 [Worker-20: Building] WARN  o.e.m.c.i.embedder.EclipseLogger - Using platform encoding (Cp1252 actually) to copy filtered resources, i.e. build is platform dependent!
2020-08-05 08:14:35,200 [Worker-20: Building] INFO  o.e.m.c.i.embedder.EclipseLogger - skip non existing resourceDirectory D:\Libraries\Documents\GitHub\Datos1.Proyecto3\Datos1.Proyecto3.Railspot\RailSpot.BackEnd\src\main\resources
2020-08-05 08:14:35,232 [Worker-20: Building] WARN  o.e.m.c.i.embedder.EclipseLogger - Using platform encoding (Cp1252 actually) to copy filtered resources, i.e. build is platform dependent!
2020-08-05 08:14:35,241 [Worker-20: Building] INFO  o.e.m.c.i.embedder.EclipseLogger - skip non existing resourceDirectory D:\Libraries\Documents\GitHub\Datos1.Proyecto3\Datos1.Proyecto3.Railspot\RailSpot.BackEnd\src\test\resources
2020-08-05 08:14:35,253 [Worker-11: Enabling Maven Dependency Management] INFO  o.e.m.j.i.AbstractJavaProjectConfigurator - Adding source folder /RailSpot.BackEnd/src
2020-08-05 08:14:35,259 [Worker-11: Enabling Maven Dependency Management] INFO  o.e.m.j.i.AbstractJavaProjectConfigurator - Not adding source folder /RailSpot.BackEnd/src/test/java because it overlaps with /RailSpot.BackEnd/src
2020-08-05 08:14:36,136 [Worker-11: Enabling Maven Dependency Management] INFO  o.e.m.c.i.p.ProjectConfigurationManager - Update started
2020-08-05 08:14:36,683 [Worker-11: Enabling Maven Dependency Management] INFO  o.e.m.c.i.l.LifecycleMappingFactory - Using org.eclipse.m2e.jdt.JarLifecycleMapping lifecycle mapping for MavenProject: RailSpot.BackEnd:RailSpot.BackEnd:0.0.1-SNAPSHOT @ D:\Libraries\Documents\GitHub\Datos1.Proyecto3\Datos1.Proyecto3.Railspot\RailSpot.BackEnd\pom.xml.
2020-08-05 08:14:37,130 [Worker-5: Building] WARN  o.e.m.c.i.embedder.EclipseLogger - Using platform encoding (Cp1252 actually) to copy filtered resources, i.e. build is platform dependent!
2020-08-05 08:14:37,132 [Worker-5: Building] INFO  o.e.m.c.i.embedder.EclipseLogger - skip non existing resourceDirectory D:\Libraries\Documents\GitHub\Datos1.Proyecto3\Datos1.Proyecto3.Railspot\RailSpot.BackEnd\src\main\resources
2020-08-05 08:14:37,134 [Worker-5: Building] WARN  o.e.m.c.i.embedder.EclipseLogger - Using platform encoding (Cp1252 actually) to copy filtered resources, i.e. build is platform dependent!
2020-08-05 08:14:37,136 [Worker-5: Building] INFO  o.e.m.c.i.embedder.EclipseLogger - skip non existing resourceDirectory D:\Libraries\Documents\GitHub\Datos1.Proyecto3\Datos1.Proyecto3.Railspot\RailSpot.BackEnd\src\test\resources
2020-08-05 08:14:37,161 [Worker-11: Enabling Maven Dependency Management] INFO  o.e.m.j.i.AbstractJavaProjectConfigurator - Adding source folder /RailSpot.BackEnd/src
2020-08-05 08:14:37,162 [Worker-11: Enabling Maven Dependency Management] INFO  o.e.m.j.i.AbstractJavaProjectConfigurator - Not adding source folder /RailSpot.BackEnd/src/test/java because it overlaps with /RailSpot.BackEnd/src
2020-08-05 08:14:37,270 [Worker-11: Enabling Maven Dependency Management] INFO  o.e.m.c.i.p.ProjectConfigurationManager - Update completed: 1 sec
2020-08-05 08:14:38,227 [Worker-22: Building] WARN  o.e.m.c.i.embedder.EclipseLogger - Using platform encoding (Cp1252 actually) to copy filtered resources, i.e. build is platform dependent!
2020-08-05 08:14:38,235 [Worker-22: Building] INFO  o.e.m.c.i.embedder.EclipseLogger - skip non existing resourceDirectory D:\Libraries\Documents\GitHub\Datos1.Proyecto3\Datos1.Proyecto3.Railspot\RailSpot.BackEnd\src\main\resources
2020-08-05 08:14:38,245 [Worker-22: Building] WARN  o.e.m.c.i.embedder.EclipseLogger - Using platform encoding (Cp1252 actually) to copy filtered resources, i.e. build is platform dependent!
2020-08-05 08:14:38,265 [Worker-22: Building] INFO  o.e.m.c.i.embedder.EclipseLogger - skip non existing resourceDirectory D:\Libraries\Documents\GitHub\Datos1.Proyecto3\Datos1.Proyecto3.Railspot\RailSpot.BackEnd\src\test\resources
2020-08-05 08:24:23,888 [Worker-9: Building] WARN  o.e.m.c.i.embedder.EclipseLogger - Using platform encoding (Cp1252 actually) to copy filtered resources, i.e. build is platform dependent!
2020-08-05 08:24:23,890 [Worker-9: Building] INFO  o.e.m.c.i.embedder.EclipseLogger - skip non existing resourceDirectory D:\Libraries\Documents\GitHub\Datos1.Proyecto3\Datos1.Proyecto3.Railspot\RailSpot.BackEnd\src\main\resources
2020-08-05 08:24:23,891 [Worker-9: Building] WARN  o.e.m.c.i.embedder.EclipseLogger - Using platform encoding (Cp1252 actually) to copy filtered resources, i.e. build is platform dependent!
2020-08-05 08:24:23,892 [Worker-9: Building] INFO  o.e.m.c.i.embedder.EclipseLogger - skip non existing resourceDirectory D:\Libraries\Documents\GitHub\Datos1.Proyecto3\Datos1.Proyecto3.Railspot\RailSpot.BackEnd\src\test\resources
2020-08-05 08:27:37,208 [Worker-31: Building] INFO  o.e.m.c.i.l.LifecycleMappingFactory - Using org.eclipse.m2e.jdt.JarLifecycleMapping lifecycle mapping for MavenProject: RailSpot.BackEnd:RailSpot.BackEnd:0.0.1-SNAPSHOT @ D:\Libraries\Documents\GitHub\Datos1.Proyecto3\Datos1.Proyecto3.Railspot\RailSpot.BackEnd\pom.xml.
2020-08-05 08:27:37,401 [Worker-31: Building] WARN  o.e.m.c.i.embedder.EclipseLogger - Using platform encoding (Cp1252 actually) to copy filtered resources, i.e. build is platform dependent!
2020-08-05 08:27:37,402 [Worker-31: Building] INFO  o.e.m.c.i.embedder.EclipseLogger - skip non existing resourceDirectory D:\Libraries\Documents\GitHub\Datos1.Proyecto3\Datos1.Proyecto3.Railspot\RailSpot.BackEnd\src\main\resources
2020-08-05 08:27:37,404 [Worker-31: Building] WARN  o.e.m.c.i.embedder.EclipseLogger - Using platform encoding (Cp1252 actually) to copy filtered resources, i.e. build is platform dependent!
2020-08-05 08:27:37,405 [Worker-31: Building] INFO  o.e.m.c.i.embedder.EclipseLogger - skip non existing resourceDirectory D:\Libraries\Documents\GitHub\Datos1.Proyecto3\Datos1.Proyecto3.Railspot\RailSpot.BackEnd\src\test\resources
2020-08-05 08:28:14,546 [Worker-24: Building] INFO  o.e.m.c.i.l.LifecycleMappingFactory - Using org.eclipse.m2e.jdt.JarLifecycleMapping lifecycle mapping for MavenProject: RailSpot.BackEnd:RailSpot.BackEnd:0.0.1-SNAPSHOT @ D:\Libraries\Documents\GitHub\Datos1.Proyecto3\Datos1.Proyecto3.Railspot\RailSpot.BackEnd\pom.xml.
2020-08-05 08:28:14,744 [Worker-24: Building] WARN  o.e.m.c.i.embedder.EclipseLogger - Using platform encoding (Cp1252 actually) to copy filtered resources, i.e. build is platform dependent!
2020-08-05 08:28:14,745 [Worker-24: Building] INFO  o.e.m.c.i.embedder.EclipseLogger - skip non existing resourceDirectory D:\Libraries\Documents\GitHub\Datos1.Proyecto3\Datos1.Proyecto3.Railspot\RailSpot.BackEnd\src\main\resources
2020-08-05 08:28:14,747 [Worker-24: Building] WARN  o.e.m.c.i.embedder.EclipseLogger - Using platform encoding (Cp1252 actually) to copy filtered resources, i.e. build is platform dependent!
2020-08-05 08:28:14,748 [Worker-24: Building] INFO  o.e.m.c.i.embedder.EclipseLogger - skip non existing resourceDirectory D:\Libraries\Documents\GitHub\Datos1.Proyecto3\Datos1.Proyecto3.Railspot\RailSpot.BackEnd\src\test\resources
2020-08-05 08:30:41,571 [Worker-29: Building] WARN  o.e.m.c.i.embedder.EclipseLogger - Using platform encoding (Cp1252 actually) to copy filtered resources, i.e. build is platform dependent!
2020-08-05 08:30:41,572 [Worker-29: Building] INFO  o.e.m.c.i.embedder.EclipseLogger - skip non existing resourceDirectory D:\Libraries\Documents\GitHub\Datos1.Proyecto3\Datos1.Proyecto3.Railspot\RailSpot.BackEnd\src\main\resources
2020-08-05 08:30:41,574 [Worker-29: Building] WARN  o.e.m.c.i.embedder.EclipseLogger - Using platform encoding (Cp1252 actually) to copy filtered resources, i.e. build is platform dependent!
2020-08-05 08:30:41,574 [Worker-29: Building] INFO  o.e.m.c.i.embedder.EclipseLogger - skip non existing resourceDirectory D:\Libraries\Documents\GitHub\Datos1.Proyecto3\Datos1.Proyecto3.Railspot\RailSpot.BackEnd\src\test\resources
2020-08-05 08:34:29,523 [Worker-34: Building] WARN  o.e.m.c.i.embedder.EclipseLogger - Using platform encoding (Cp1252 actually) to copy filtered resources, i.e. build is platform dependent!
2020-08-05 08:34:29,525 [Worker-34: Building] INFO  o.e.m.c.i.embedder.EclipseLogger - skip non existing resourceDirectory D:\Libraries\Documents\GitHub\Datos1.Proyecto3\Datos1.Proyecto3.Railspot\RailSpot.BackEnd\src\main\resources
2020-08-05 08:34:29,526 [Worker-34: Building] WARN  o.e.m.c.i.embedder.EclipseLogger - Using platform encoding (Cp1252 actually) to copy filtered resources, i.e. build is platform dependent!
2020-08-05 08:34:29,527 [Worker-34: Building] INFO  o.e.m.c.i.embedder.EclipseLogger - skip non existing resourceDirectory D:\Libraries\Documents\GitHub\Datos1.Proyecto3\Datos1.Proyecto3.Railspot\RailSpot.BackEnd\src\test\resources
2020-08-05 08:36:37,289 [Worker-36: Building] WARN  o.e.m.c.i.embedder.EclipseLogger - Using platform encoding (Cp1252 actually) to copy filtered resources, i.e. build is platform dependent!
2020-08-05 08:36:37,290 [Worker-36: Building] INFO  o.e.m.c.i.embedder.EclipseLogger - skip non existing resourceDirectory D:\Libraries\Documents\GitHub\Datos1.Proyecto3\Datos1.Proyecto3.Railspot\RailSpot.BackEnd\src\main\resources
2020-08-05 08:36:37,290 [Worker-36: Building] WARN  o.e.m.c.i.embedder.EclipseLogger - Using platform encoding (Cp1252 actually) to copy filtered resources, i.e. build is platform dependent!
2020-08-05 08:36:37,291 [Worker-36: Building] INFO  o.e.m.c.i.embedder.EclipseLogger - skip non existing resourceDirectory D:\Libraries\Documents\GitHub\Datos1.Proyecto3\Datos1.Proyecto3.Railspot\RailSpot.BackEnd\src\test\resources
2020-08-05 08:38:05,925 [Worker-35: Building] WARN  o.e.m.c.i.embedder.EclipseLogger - Using platform encoding (Cp1252 actually) to copy filtered resources, i.e. build is platform dependent!
2020-08-05 08:38:05,925 [Worker-35: Building] INFO  o.e.m.c.i.embedder.EclipseLogger - skip non existing resourceDirectory D:\Libraries\Documents\GitHub\Datos1.Proyecto3\Datos1.Proyecto3.Railspot\RailSpot.BackEnd\src\main\resources
2020-08-05 08:38:05,942 [Worker-35: Building] WARN  o.e.m.c.i.embedder.EclipseLogger - Using platform encoding (Cp1252 actually) to copy filtered resources, i.e. build is platform dependent!
2020-08-05 08:38:05,942 [Worker-35: Building] INFO  o.e.m.c.i.embedder.EclipseLogger - skip non existing resourceDirectory D:\Libraries\Documents\GitHub\Datos1.Proyecto3\Datos1.Proyecto3.Railspot\RailSpot.BackEnd\src\test\resources
2020-08-05 08:39:39,680 [Worker-33: Building] WARN  o.e.m.c.i.embedder.EclipseLogger - Using platform encoding (Cp1252 actually) to copy filtered resources, i.e. build is platform dependent!
2020-08-05 08:39:39,681 [Worker-33: Building] INFO  o.e.m.c.i.embedder.EclipseLogger - skip non existing resourceDirectory D:\Libraries\Documents\GitHub\Datos1.Proyecto3\Datos1.Proyecto3.Railspot\RailSpot.BackEnd\src\main\resources
2020-08-05 08:39:39,682 [Worker-33: Building] WARN  o.e.m.c.i.embedder.EclipseLogger - Using platform encoding (Cp1252 actually) to copy filtered resources, i.e. build is platform dependent!
2020-08-05 08:39:39,683 [Worker-33: Building] INFO  o.e.m.c.i.embedder.EclipseLogger - skip non existing resourceDirectory D:\Libraries\Documents\GitHub\Datos1.Proyecto3\Datos1.Proyecto3.Railspot\RailSpot.BackEnd\src\test\resources
2020-08-05 16:11:20,296 [Worker-95: Building] WARN  o.e.m.c.i.embedder.EclipseLogger - Using platform encoding (Cp1252 actually) to copy filtered resources, i.e. build is platform dependent!
2020-08-05 16:11:20,298 [Worker-95: Building] INFO  o.e.m.c.i.embedder.EclipseLogger - skip non existing resourceDirectory D:\Libraries\Documents\GitHub\Datos1.Proyecto3\Datos1.Proyecto3.Railspot\RailSpot.BackEnd\src\main\resources
2020-08-05 16:11:20,299 [Worker-95: Building] WARN  o.e.m.c.i.embedder.EclipseLogger - Using platform encoding (Cp1252 actually) to copy filtered resources, i.e. build is platform dependent!
2020-08-05 16:11:20,300 [Worker-95: Building] INFO  o.e.m.c.i.embedder.EclipseLogger - skip non existing resourceDirectory D:\Libraries\Documents\GitHub\Datos1.Proyecto3\Datos1.Proyecto3.Railspot\RailSpot.BackEnd\src\test\resources
2020-08-05 16:34:32,614 [Worker-97: Building] WARN  o.e.m.c.i.embedder.EclipseLogger - Using platform encoding (Cp1252 actually) to copy filtered resources, i.e. build is platform dependent!
2020-08-05 16:34:32,615 [Worker-97: Building] INFO  o.e.m.c.i.embedder.EclipseLogger - skip non existing resourceDirectory D:\Libraries\Documents\GitHub\Datos1.Proyecto3\Datos1.Proyecto3.Railspot\RailSpot.BackEnd\src\main\resources
2020-08-05 16:34:32,615 [Worker-97: Building] WARN  o.e.m.c.i.embedder.EclipseLogger - Using platform encoding (Cp1252 actually) to copy filtered resources, i.e. build is platform dependent!
2020-08-05 16:34:32,616 [Worker-97: Building] INFO  o.e.m.c.i.embedder.EclipseLogger - skip non existing resourceDirectory D:\Libraries\Documents\GitHub\Datos1.Proyecto3\Datos1.Proyecto3.Railspot\RailSpot.BackEnd\src\test\resources
2020-08-05 18:19:17,292 [Worker-110: Building] WARN  o.e.m.c.i.embedder.EclipseLogger - Using platform encoding (Cp1252 actually) to copy filtered resources, i.e. build is platform dependent!
2020-08-05 18:19:17,294 [Worker-110: Building] INFO  o.e.m.c.i.embedder.EclipseLogger - skip non existing resourceDirectory D:\Libraries\Documents\GitHub\Datos1.Proyecto3\Datos1.Proyecto3.Railspot\RailSpot.BackEnd\src\main\resources
2020-08-05 18:19:17,296 [Worker-110: Building] WARN  o.e.m.c.i.embedder.EclipseLogger - Using platform encoding (Cp1252 actually) to copy filtered resources, i.e. build is platform dependent!
2020-08-05 18:19:17,297 [Worker-110: Building] INFO  o.e.m.c.i.embedder.EclipseLogger - skip non existing resourceDirectory D:\Libraries\Documents\GitHub\Datos1.Proyecto3\Datos1.Proyecto3.Railspot\RailSpot.BackEnd\src\test\resources
2020-08-05 18:58:43,975 [Worker-4: Loading available Gradle versions] INFO  o.e.b.c.i.u.g.PublishedGradleVersions - Gradle version information cache is up-to-date. Trying to read.
2020-08-05 19:03:08,654 [Worker-13: Building] WARN  o.e.m.c.i.embedder.EclipseLogger - Using platform encoding (Cp1252 actually) to copy filtered resources, i.e. build is platform dependent!
2020-08-05 19:03:08,656 [Worker-13: Building] INFO  o.e.m.c.i.embedder.EclipseLogger - skip non existing resourceDirectory D:\Libraries\Documents\GitHub\Datos1.Proyecto3\Datos1.Proyecto3.Railspot\RailSpot.BackEnd\src\main\resources
2020-08-05 19:03:08,658 [Worker-13: Building] WARN  o.e.m.c.i.embedder.EclipseLogger - Using platform encoding (Cp1252 actually) to copy filtered resources, i.e. build is platform dependent!
2020-08-05 19:03:08,659 [Worker-13: Building] INFO  o.e.m.c.i.embedder.EclipseLogger - skip non existing resourceDirectory D:\Libraries\Documents\GitHub\Datos1.Proyecto3\Datos1.Proyecto3.Railspot\RailSpot.BackEnd\src\test\resources
2020-08-05 19:14:20,813 [Worker-25: Building] WARN  o.e.m.c.i.embedder.EclipseLogger - Using platform encoding (Cp1252 actually) to copy filtered resources, i.e. build is platform dependent!
2020-08-05 19:14:20,814 [Worker-25: Building] INFO  o.e.m.c.i.embedder.EclipseLogger - skip non existing resourceDirectory D:\Libraries\Documents\GitHub\Datos1.Proyecto3\Datos1.Proyecto3.Railspot\RailSpot.BackEnd\src\main\resources
2020-08-05 19:14:20,815 [Worker-25: Building] WARN  o.e.m.c.i.embedder.EclipseLogger - Using platform encoding (Cp1252 actually) to copy filtered resources, i.e. build is platform dependent!
2020-08-05 19:14:20,816 [Worker-25: Building] INFO  o.e.m.c.i.embedder.EclipseLogger - skip non existing resourceDirectory D:\Libraries\Documents\GitHub\Datos1.Proyecto3\Datos1.Proyecto3.Railspot\RailSpot.BackEnd\src\test\resources
2020-08-05 19:23:44,644 [Worker-31: Building] WARN  o.e.m.c.i.embedder.EclipseLogger - Using platform encoding (Cp1252 actually) to copy filtered resources, i.e. build is platform dependent!
2020-08-05 19:23:44,645 [Worker-31: Building] INFO  o.e.m.c.i.embedder.EclipseLogger - skip non existing resourceDirectory D:\Libraries\Documents\GitHub\Datos1.Proyecto3\Datos1.Proyecto3.Railspot\RailSpot.BackEnd\src\main\resources
2020-08-05 19:23:44,647 [Worker-31: Building] WARN  o.e.m.c.i.embedder.EclipseLogger - Using platform encoding (Cp1252 actually) to copy filtered resources, i.e. build is platform dependent!
2020-08-05 19:23:44,648 [Worker-31: Building] INFO  o.e.m.c.i.embedder.EclipseLogger - skip non existing resourceDirectory D:\Libraries\Documents\GitHub\Datos1.Proyecto3\Datos1.Proyecto3.Railspot\RailSpot.BackEnd\src\test\resources
2020-08-05 19:27:06,860 [Worker-32: Building] WARN  o.e.m.c.i.embedder.EclipseLogger - Using platform encoding (Cp1252 actually) to copy filtered resources, i.e. build is platform dependent!
2020-08-05 19:27:06,861 [Worker-32: Building] INFO  o.e.m.c.i.embedder.EclipseLogger - skip non existing resourceDirectory D:\Libraries\Documents\GitHub\Datos1.Proyecto3\Datos1.Proyecto3.Railspot\RailSpot.BackEnd\src\main\resources
2020-08-05 19:27:06,862 [Worker-32: Building] WARN  o.e.m.c.i.embedder.EclipseLogger - Using platform encoding (Cp1252 actually) to copy filtered resources, i.e. build is platform dependent!
2020-08-05 19:27:06,862 [Worker-32: Building] INFO  o.e.m.c.i.embedder.EclipseLogger - skip non existing resourceDirectory D:\Libraries\Documents\GitHub\Datos1.Proyecto3\Datos1.Proyecto3.Railspot\RailSpot.BackEnd\src\test\resources
2020-08-06 00:38:34,874 [Worker-103: Building] WARN  o.e.m.c.i.embedder.EclipseLogger - Using platform encoding (Cp1252 actually) to copy filtered resources, i.e. build is platform dependent!
2020-08-06 00:38:34,877 [Worker-103: Building] INFO  o.e.m.c.i.embedder.EclipseLogger - skip non existing resourceDirectory D:\Libraries\Documents\GitHub\Datos1.Proyecto3\Datos1.Proyecto3.Railspot\RailSpot.BackEnd\src\main\resources
2020-08-06 00:38:34,878 [Worker-103: Building] WARN  o.e.m.c.i.embedder.EclipseLogger - Using platform encoding (Cp1252 actually) to copy filtered resources, i.e. build is platform dependent!
2020-08-06 00:38:34,879 [Worker-103: Building] INFO  o.e.m.c.i.embedder.EclipseLogger - skip non existing resourceDirectory D:\Libraries\Documents\GitHub\Datos1.Proyecto3\Datos1.Proyecto3.Railspot\RailSpot.BackEnd\src\test\resources
2020-08-06 00:39:27,400 [Worker-116: Building] WARN  o.e.m.c.i.embedder.EclipseLogger - Using platform encoding (Cp1252 actually) to copy filtered resources, i.e. build is platform dependent!
2020-08-06 00:39:27,401 [Worker-116: Building] INFO  o.e.m.c.i.embedder.EclipseLogger - skip non existing resourceDirectory D:\Libraries\Documents\GitHub\Datos1.Proyecto3\Datos1.Proyecto3.Railspot\RailSpot.BackEnd\src\main\resources
2020-08-06 00:39:27,402 [Worker-116: Building] WARN  o.e.m.c.i.embedder.EclipseLogger - Using platform encoding (Cp1252 actually) to copy filtered resources, i.e. build is platform dependent!
2020-08-06 00:39:27,403 [Worker-116: Building] INFO  o.e.m.c.i.embedder.EclipseLogger - skip non existing resourceDirectory D:\Libraries\Documents\GitHub\Datos1.Proyecto3\Datos1.Proyecto3.Railspot\RailSpot.BackEnd\src\test\resources
2020-08-06 00:54:40,751 [Worker-119: Building] WARN  o.e.m.c.i.embedder.EclipseLogger - Using platform encoding (Cp1252 actually) to copy filtered resources, i.e. build is platform dependent!
2020-08-06 00:54:40,752 [Worker-119: Building] INFO  o.e.m.c.i.embedder.EclipseLogger - skip non existing resourceDirectory D:\Libraries\Documents\GitHub\Datos1.Proyecto3\Datos1.Proyecto3.Railspot\RailSpot.BackEnd\src\main\resources
2020-08-06 00:54:40,753 [Worker-119: Building] WARN  o.e.m.c.i.embedder.EclipseLogger - Using platform encoding (Cp1252 actually) to copy filtered resources, i.e. build is platform dependent!
2020-08-06 00:54:40,754 [Worker-119: Building] INFO  o.e.m.c.i.embedder.EclipseLogger - skip non existing resourceDirectory D:\Libraries\Documents\GitHub\Datos1.Proyecto3\Datos1.Proyecto3.Railspot\RailSpot.BackEnd\src\test\resources
2020-08-06 01:40:26,480 [Worker-147: Building] WARN  o.e.m.c.i.embedder.EclipseLogger - Using platform encoding (Cp1252 actually) to copy filtered resources, i.e. build is platform dependent!
2020-08-06 01:40:26,481 [Worker-147: Building] INFO  o.e.m.c.i.embedder.EclipseLogger - skip non existing resourceDirectory D:\Libraries\Documents\GitHub\Datos1.Proyecto3\Datos1.Proyecto3.Railspot\RailSpot.BackEnd\src\main\resources
2020-08-06 01:40:26,483 [Worker-147: Building] WARN  o.e.m.c.i.embedder.EclipseLogger - Using platform encoding (Cp1252 actually) to copy filtered resources, i.e. build is platform dependent!
2020-08-06 01:40:26,484 [Worker-147: Building] INFO  o.e.m.c.i.embedder.EclipseLogger - skip non existing resourceDirectory D:\Libraries\Documents\GitHub\Datos1.Proyecto3\Datos1.Proyecto3.Railspot\RailSpot.BackEnd\src\test\resources
2020-08-06 01:40:28,808 [Worker-147: Building] WARN  o.e.m.c.i.embedder.EclipseLogger - Using platform encoding (Cp1252 actually) to copy filtered resources, i.e. build is platform dependent!
2020-08-06 01:40:28,810 [Worker-147: Building] INFO  o.e.m.c.i.embedder.EclipseLogger - skip non existing resourceDirectory D:\Libraries\Documents\GitHub\Datos1.Proyecto3\Datos1.Proyecto3.Railspot\RailSpot.BackEnd\src\main\resources
2020-08-06 01:40:28,811 [Worker-147: Building] WARN  o.e.m.c.i.embedder.EclipseLogger - Using platform encoding (Cp1252 actually) to copy filtered resources, i.e. build is platform dependent!
2020-08-06 01:40:28,813 [Worker-147: Building] INFO  o.e.m.c.i.embedder.EclipseLogger - skip non existing resourceDirectory D:\Libraries\Documents\GitHub\Datos1.Proyecto3\Datos1.Proyecto3.Railspot\RailSpot.BackEnd\src\test\resources
2020-08-08 22:43:13,562 [Worker-2: Loading available Gradle versions] INFO  o.e.b.c.i.u.g.PublishedGradleVersions - Gradle version information cache is out-of-date. Trying to update.
2020-08-08 22:56:15,958 [Worker-26: Building] WARN  o.e.m.c.i.embedder.EclipseLogger - Using platform encoding (Cp1252 actually) to copy filtered resources, i.e. build is platform dependent!
2020-08-08 22:56:15,961 [Worker-26: Building] INFO  o.e.m.c.i.embedder.EclipseLogger - skip non existing resourceDirectory D:\Libraries\Documents\GitHub\Datos1.Proyecto3\Datos1.Proyecto3.Railspot\RailSpot.BackEnd\src\main\resources
2020-08-08 22:56:15,963 [Worker-26: Building] WARN  o.e.m.c.i.embedder.EclipseLogger - Using platform encoding (Cp1252 actually) to copy filtered resources, i.e. build is platform dependent!
2020-08-08 22:56:15,964 [Worker-26: Building] INFO  o.e.m.c.i.embedder.EclipseLogger - skip non existing resourceDirectory D:\Libraries\Documents\GitHub\Datos1.Proyecto3\Datos1.Proyecto3.Railspot\RailSpot.BackEnd\src\test\resources
2020-08-08 22:56:37,147 [Worker-26: Building] WARN  o.e.m.c.i.embedder.EclipseLogger - Using platform encoding (Cp1252 actually) to copy filtered resources, i.e. build is platform dependent!
2020-08-08 22:56:37,148 [Worker-26: Building] INFO  o.e.m.c.i.embedder.EclipseLogger - skip non existing resourceDirectory D:\Libraries\Documents\GitHub\Datos1.Proyecto3\Datos1.Proyecto3.Railspot\RailSpot.BackEnd\src\main\resources
2020-08-08 22:56:37,149 [Worker-26: Building] WARN  o.e.m.c.i.embedder.EclipseLogger - Using platform encoding (Cp1252 actually) to copy filtered resources, i.e. build is platform dependent!
2020-08-08 22:56:37,151 [Worker-26: Building] INFO  o.e.m.c.i.embedder.EclipseLogger - skip non existing resourceDirectory D:\Libraries\Documents\GitHub\Datos1.Proyecto3\Datos1.Proyecto3.Railspot\RailSpot.BackEnd\src\test\resources
2020-08-09 00:23:33,742 [Worker-50: Building] WARN  o.e.m.c.i.embedder.EclipseLogger - Using platform encoding (Cp1252 actually) to copy filtered resources, i.e. build is platform dependent!
2020-08-09 00:23:33,744 [Worker-50: Building] INFO  o.e.m.c.i.embedder.EclipseLogger - skip non existing resourceDirectory D:\Libraries\Documents\GitHub\Datos1.Proyecto3\Datos1.Proyecto3.Railspot\RailSpot.BackEnd\src\main\resources
2020-08-09 00:23:33,745 [Worker-50: Building] WARN  o.e.m.c.i.embedder.EclipseLogger - Using platform encoding (Cp1252 actually) to copy filtered resources, i.e. build is platform dependent!
2020-08-09 00:23:33,746 [Worker-50: Building] INFO  o.e.m.c.i.embedder.EclipseLogger - skip non existing resourceDirectory D:\Libraries\Documents\GitHub\Datos1.Proyecto3\Datos1.Proyecto3.Railspot\RailSpot.BackEnd\src\test\resources
2020-08-09 12:30:54,607 [Worker-4: Loading available Gradle versions] INFO  o.e.b.c.i.u.g.PublishedGradleVersions - Gradle version information cache is up-to-date. Trying to read.
2020-08-09 12:55:54,321 [Worker-27: Building] WARN  o.e.m.c.i.embedder.EclipseLogger - Using platform encoding (Cp1252 actually) to copy filtered resources, i.e. build is platform dependent!
2020-08-09 12:55:54,323 [Worker-27: Building] INFO  o.e.m.c.i.embedder.EclipseLogger - skip non existing resourceDirectory D:\Libraries\Documents\GitHub\Datos1.Proyecto3\Datos1.Proyecto3.Railspot\RailSpot.BackEnd\src\main\resources
2020-08-09 12:55:54,325 [Worker-27: Building] WARN  o.e.m.c.i.embedder.EclipseLogger - Using platform encoding (Cp1252 actually) to copy filtered resources, i.e. build is platform dependent!
2020-08-09 12:55:54,325 [Worker-27: Building] INFO  o.e.m.c.i.embedder.EclipseLogger - skip non existing resourceDirectory D:\Libraries\Documents\GitHub\Datos1.Proyecto3\Datos1.Proyecto3.Railspot\RailSpot.BackEnd\src\test\resources
2020-08-09 13:42:41,257 [Worker-42: Building] WARN  o.e.m.c.i.embedder.EclipseLogger - Using platform encoding (Cp1252 actually) to copy filtered resources, i.e. build is platform dependent!
2020-08-09 13:42:41,260 [Worker-42: Building] INFO  o.e.m.c.i.embedder.EclipseLogger - skip non existing resourceDirectory D:\Libraries\Documents\GitHub\Datos1.Proyecto3\Datos1.Proyecto3.Railspot\RailSpot.BackEnd\src\main\resources
2020-08-09 13:42:41,262 [Worker-42: Building] WARN  o.e.m.c.i.embedder.EclipseLogger - Using platform encoding (Cp1252 actually) to copy filtered resources, i.e. build is platform dependent!
2020-08-09 13:42:41,263 [Worker-42: Building] INFO  o.e.m.c.i.embedder.EclipseLogger - skip non existing resourceDirectory D:\Libraries\Documents\GitHub\Datos1.Proyecto3\Datos1.Proyecto3.Railspot\RailSpot.BackEnd\src\test\resources
2020-08-09 13:42:45,728 [Worker-43: Building] WARN  o.e.m.c.i.embedder.EclipseLogger - Using platform encoding (Cp1252 actually) to copy filtered resources, i.e. build is platform dependent!
2020-08-09 13:42:45,730 [Worker-43: Building] INFO  o.e.m.c.i.embedder.EclipseLogger - skip non existing resourceDirectory D:\Libraries\Documents\GitHub\Datos1.Proyecto3\Datos1.Proyecto3.Railspot\RailSpot.BackEnd\src\main\resources
2020-08-09 13:42:45,733 [Worker-43: Building] WARN  o.e.m.c.i.embedder.EclipseLogger - Using platform encoding (Cp1252 actually) to copy filtered resources, i.e. build is platform dependent!
2020-08-09 13:42:45,735 [Worker-43: Building] INFO  o.e.m.c.i.embedder.EclipseLogger - skip non existing resourceDirectory D:\Libraries\Documents\GitHub\Datos1.Proyecto3\Datos1.Proyecto3.Railspot\RailSpot.BackEnd\src\test\resources
2020-08-09 13:47:42,913 [Worker-44: Building] WARN  o.e.m.c.i.embedder.EclipseLogger - Using platform encoding (Cp1252 actually) to copy filtered resources, i.e. build is platform dependent!
2020-08-09 13:47:42,915 [Worker-44: Building] INFO  o.e.m.c.i.embedder.EclipseLogger - skip non existing resourceDirectory D:\Libraries\Documents\GitHub\Datos1.Proyecto3\Datos1.Proyecto3.Railspot\RailSpot.BackEnd\src\main\resources
2020-08-09 13:47:42,916 [Worker-44: Building] WARN  o.e.m.c.i.embedder.EclipseLogger - Using platform encoding (Cp1252 actually) to copy filtered resources, i.e. build is platform dependent!
2020-08-09 13:47:42,917 [Worker-44: Building] INFO  o.e.m.c.i.embedder.EclipseLogger - skip non existing resourceDirectory D:\Libraries\Documents\GitHub\Datos1.Proyecto3\Datos1.Proyecto3.Railspot\RailSpot.BackEnd\src\test\resources
2020-08-09 13:48:30,448 [Worker-46: Building] WARN  o.e.m.c.i.embedder.EclipseLogger - Using platform encoding (Cp1252 actually) to copy filtered resources, i.e. build is platform dependent!
2020-08-09 13:48:30,449 [Worker-46: Building] INFO  o.e.m.c.i.embedder.EclipseLogger - skip non existing resourceDirectory D:\Libraries\Documents\GitHub\Datos1.Proyecto3\Datos1.Proyecto3.Railspot\RailSpot.BackEnd\src\main\resources
2020-08-09 13:48:30,450 [Worker-46: Building] WARN  o.e.m.c.i.embedder.EclipseLogger - Using platform encoding (Cp1252 actually) to copy filtered resources, i.e. build is platform dependent!
2020-08-09 13:48:30,451 [Worker-46: Building] INFO  o.e.m.c.i.embedder.EclipseLogger - skip non existing resourceDirectory D:\Libraries\Documents\GitHub\Datos1.Proyecto3\Datos1.Proyecto3.Railspot\RailSpot.BackEnd\src\test\resources
2020-08-09 13:49:57,841 [Worker-47: Launching DijkstraTest] WARN  o.e.m.c.i.embedder.EclipseLogger - Using platform encoding (Cp1252 actually) to copy filtered resources, i.e. build is platform dependent!
2020-08-09 13:49:57,843 [Worker-47: Launching DijkstraTest] INFO  o.e.m.c.i.embedder.EclipseLogger - skip non existing resourceDirectory D:\Libraries\Documents\GitHub\Datos1.Proyecto3\Datos1.Proyecto3.Railspot\RailSpot.BackEnd\src\main\resources
2020-08-09 13:49:57,844 [Worker-47: Launching DijkstraTest] WARN  o.e.m.c.i.embedder.EclipseLogger - Using platform encoding (Cp1252 actually) to copy filtered resources, i.e. build is platform dependent!
2020-08-09 13:49:57,846 [Worker-47: Launching DijkstraTest] INFO  o.e.m.c.i.embedder.EclipseLogger - skip non existing resourceDirectory D:\Libraries\Documents\GitHub\Datos1.Proyecto3\Datos1.Proyecto3.Railspot\RailSpot.BackEnd\src\test\resources
2020-08-09 13:50:35,378 [Worker-43: Building] WARN  o.e.m.c.i.embedder.EclipseLogger - Using platform encoding (Cp1252 actually) to copy filtered resources, i.e. build is platform dependent!
2020-08-09 13:50:35,379 [Worker-43: Building] INFO  o.e.m.c.i.embedder.EclipseLogger - skip non existing resourceDirectory D:\Libraries\Documents\GitHub\Datos1.Proyecto3\Datos1.Proyecto3.Railspot\RailSpot.BackEnd\src\main\resources
2020-08-09 13:50:35,380 [Worker-43: Building] WARN  o.e.m.c.i.embedder.EclipseLogger - Using platform encoding (Cp1252 actually) to copy filtered resources, i.e. build is platform dependent!
2020-08-09 13:50:35,382 [Worker-43: Building] INFO  o.e.m.c.i.embedder.EclipseLogger - skip non existing resourceDirectory D:\Libraries\Documents\GitHub\Datos1.Proyecto3\Datos1.Proyecto3.Railspot\RailSpot.BackEnd\src\test\resources
2020-08-09 13:51:56,830 [Worker-47: Building] WARN  o.e.m.c.i.embedder.EclipseLogger - Using platform encoding (Cp1252 actually) to copy filtered resources, i.e. build is platform dependent!
2020-08-09 13:51:56,832 [Worker-47: Building] INFO  o.e.m.c.i.embedder.EclipseLogger - skip non existing resourceDirectory D:\Libraries\Documents\GitHub\Datos1.Proyecto3\Datos1.Proyecto3.Railspot\RailSpot.BackEnd\src\main\resources
2020-08-09 13:51:56,834 [Worker-47: Building] WARN  o.e.m.c.i.embedder.EclipseLogger - Using platform encoding (Cp1252 actually) to copy filtered resources, i.e. build is platform dependent!
2020-08-09 13:51:56,836 [Worker-47: Building] INFO  o.e.m.c.i.embedder.EclipseLogger - skip non existing resourceDirectory D:\Libraries\Documents\GitHub\Datos1.Proyecto3\Datos1.Proyecto3.Railspot\RailSpot.BackEnd\src\test\resources
2020-08-09 13:53:24,906 [Worker-47: Building] WARN  o.e.m.c.i.embedder.EclipseLogger - Using platform encoding (Cp1252 actually) to copy filtered resources, i.e. build is platform dependent!
2020-08-09 13:53:24,908 [Worker-47: Building] INFO  o.e.m.c.i.embedder.EclipseLogger - skip non existing resourceDirectory D:\Libraries\Documents\GitHub\Datos1.Proyecto3\Datos1.Proyecto3.Railspot\RailSpot.BackEnd\src\main\resources
2020-08-09 13:53:24,910 [Worker-47: Building] WARN  o.e.m.c.i.embedder.EclipseLogger - Using platform encoding (Cp1252 actually) to copy filtered resources, i.e. build is platform dependent!
2020-08-09 13:53:24,911 [Worker-47: Building] INFO  o.e.m.c.i.embedder.EclipseLogger - skip non existing resourceDirectory D:\Libraries\Documents\GitHub\Datos1.Proyecto3\Datos1.Proyecto3.Railspot\RailSpot.BackEnd\src\test\resources
2020-08-09 13:54:27,264 [Worker-51: Building] WARN  o.e.m.c.i.embedder.EclipseLogger - Using platform encoding (Cp1252 actually) to copy filtered resources, i.e. build is platform dependent!
2020-08-09 13:54:27,266 [Worker-51: Building] INFO  o.e.m.c.i.embedder.EclipseLogger - skip non existing resourceDirectory D:\Libraries\Documents\GitHub\Datos1.Proyecto3\Datos1.Proyecto3.Railspot\RailSpot.BackEnd\src\main\resources
2020-08-09 13:54:27,268 [Worker-51: Building] WARN  o.e.m.c.i.embedder.EclipseLogger - Using platform encoding (Cp1252 actually) to copy filtered resources, i.e. build is platform dependent!
2020-08-09 13:54:27,269 [Worker-51: Building] INFO  o.e.m.c.i.embedder.EclipseLogger - skip non existing resourceDirectory D:\Libraries\Documents\GitHub\Datos1.Proyecto3\Datos1.Proyecto3.Railspot\RailSpot.BackEnd\src\test\resources
2020-08-09 13:56:32,085 [Worker-52: Building] WARN  o.e.m.c.i.embedder.EclipseLogger - Using platform encoding (Cp1252 actually) to copy filtered resources, i.e. build is platform dependent!
2020-08-09 13:56:32,086 [Worker-52: Building] INFO  o.e.m.c.i.embedder.EclipseLogger - skip non existing resourceDirectory D:\Libraries\Documents\GitHub\Datos1.Proyecto3\Datos1.Proyecto3.Railspot\RailSpot.BackEnd\src\main\resources
2020-08-09 13:56:32,088 [Worker-52: Building] WARN  o.e.m.c.i.embedder.EclipseLogger - Using platform encoding (Cp1252 actually) to copy filtered resources, i.e. build is platform dependent!
2020-08-09 13:56:32,089 [Worker-52: Building] INFO  o.e.m.c.i.embedder.EclipseLogger - skip non existing resourceDirectory D:\Libraries\Documents\GitHub\Datos1.Proyecto3\Datos1.Proyecto3.Railspot\RailSpot.BackEnd\src\test\resources
2020-08-09 13:57:17,524 [Worker-54: Building] WARN  o.e.m.c.i.embedder.EclipseLogger - Using platform encoding (Cp1252 actually) to copy filtered resources, i.e. build is platform dependent!
2020-08-09 13:57:17,526 [Worker-54: Building] INFO  o.e.m.c.i.embedder.EclipseLogger - skip non existing resourceDirectory D:\Libraries\Documents\GitHub\Datos1.Proyecto3\Datos1.Proyecto3.Railspot\RailSpot.BackEnd\src\main\resources
2020-08-09 13:57:17,528 [Worker-54: Building] WARN  o.e.m.c.i.embedder.EclipseLogger - Using platform encoding (Cp1252 actually) to copy filtered resources, i.e. build is platform dependent!
2020-08-09 13:57:17,529 [Worker-54: Building] INFO  o.e.m.c.i.embedder.EclipseLogger - skip non existing resourceDirectory D:\Libraries\Documents\GitHub\Datos1.Proyecto3\Datos1.Proyecto3.Railspot\RailSpot.BackEnd\src\test\resources
2020-08-09 13:59:24,422 [Worker-55: Building] WARN  o.e.m.c.i.embedder.EclipseLogger - Using platform encoding (Cp1252 actually) to copy filtered resources, i.e. build is platform dependent!
2020-08-09 13:59:24,423 [Worker-55: Building] INFO  o.e.m.c.i.embedder.EclipseLogger - skip non existing resourceDirectory D:\Libraries\Documents\GitHub\Datos1.Proyecto3\Datos1.Proyecto3.Railspot\RailSpot.BackEnd\src\main\resources
2020-08-09 13:59:24,424 [Worker-55: Building] WARN  o.e.m.c.i.embedder.EclipseLogger - Using platform encoding (Cp1252 actually) to copy filtered resources, i.e. build is platform dependent!
2020-08-09 13:59:24,426 [Worker-55: Building] INFO  o.e.m.c.i.embedder.EclipseLogger - skip non existing resourceDirectory D:\Libraries\Documents\GitHub\Datos1.Proyecto3\Datos1.Proyecto3.Railspot\RailSpot.BackEnd\src\test\resources
2020-08-09 14:00:00,986 [Worker-55: Building] WARN  o.e.m.c.i.embedder.EclipseLogger - Using platform encoding (Cp1252 actually) to copy filtered resources, i.e. build is platform dependent!
2020-08-09 14:00:00,988 [Worker-55: Building] INFO  o.e.m.c.i.embedder.EclipseLogger - skip non existing resourceDirectory D:\Libraries\Documents\GitHub\Datos1.Proyecto3\Datos1.Proyecto3.Railspot\RailSpot.BackEnd\src\main\resources
2020-08-09 14:00:00,990 [Worker-55: Building] WARN  o.e.m.c.i.embedder.EclipseLogger - Using platform encoding (Cp1252 actually) to copy filtered resources, i.e. build is platform dependent!
2020-08-09 14:00:00,992 [Worker-55: Building] INFO  o.e.m.c.i.embedder.EclipseLogger - skip non existing resourceDirectory D:\Libraries\Documents\GitHub\Datos1.Proyecto3\Datos1.Proyecto3.Railspot\RailSpot.BackEnd\src\test\resources
2020-08-09 14:00:13,352 [Worker-54: Building] WARN  o.e.m.c.i.embedder.EclipseLogger - Using platform encoding (Cp1252 actually) to copy filtered resources, i.e. build is platform dependent!
2020-08-09 14:00:13,354 [Worker-54: Building] INFO  o.e.m.c.i.embedder.EclipseLogger - skip non existing resourceDirectory D:\Libraries\Documents\GitHub\Datos1.Proyecto3\Datos1.Proyecto3.Railspot\RailSpot.BackEnd\src\main\resources
2020-08-09 14:00:13,356 [Worker-54: Building] WARN  o.e.m.c.i.embedder.EclipseLogger - Using platform encoding (Cp1252 actually) to copy filtered resources, i.e. build is platform dependent!
2020-08-09 14:00:13,358 [Worker-54: Building] INFO  o.e.m.c.i.embedder.EclipseLogger - skip non existing resourceDirectory D:\Libraries\Documents\GitHub\Datos1.Proyecto3\Datos1.Proyecto3.Railspot\RailSpot.BackEnd\src\test\resources
2020-08-09 14:01:00,825 [Worker-57: Building] WARN  o.e.m.c.i.embedder.EclipseLogger - Using platform encoding (Cp1252 actually) to copy filtered resources, i.e. build is platform dependent!
2020-08-09 14:01:00,827 [Worker-57: Building] INFO  o.e.m.c.i.embedder.EclipseLogger - skip non existing resourceDirectory D:\Libraries\Documents\GitHub\Datos1.Proyecto3\Datos1.Proyecto3.Railspot\RailSpot.BackEnd\src\main\resources
2020-08-09 14:01:00,831 [Worker-57: Building] WARN  o.e.m.c.i.embedder.EclipseLogger - Using platform encoding (Cp1252 actually) to copy filtered resources, i.e. build is platform dependent!
2020-08-09 14:01:00,832 [Worker-57: Building] INFO  o.e.m.c.i.embedder.EclipseLogger - skip non existing resourceDirectory D:\Libraries\Documents\GitHub\Datos1.Proyecto3\Datos1.Proyecto3.Railspot\RailSpot.BackEnd\src\test\resources
2020-08-09 14:02:35,615 [Worker-53: Building] WARN  o.e.m.c.i.embedder.EclipseLogger - Using platform encoding (Cp1252 actually) to copy filtered resources, i.e. build is platform dependent!
2020-08-09 14:02:35,618 [Worker-53: Building] INFO  o.e.m.c.i.embedder.EclipseLogger - skip non existing resourceDirectory D:\Libraries\Documents\GitHub\Datos1.Proyecto3\Datos1.Proyecto3.Railspot\RailSpot.BackEnd\src\main\resources
2020-08-09 14:02:35,619 [Worker-53: Building] WARN  o.e.m.c.i.embedder.EclipseLogger - Using platform encoding (Cp1252 actually) to copy filtered resources, i.e. build is platform dependent!
2020-08-09 14:02:35,621 [Worker-53: Building] INFO  o.e.m.c.i.embedder.EclipseLogger - skip non existing resourceDirectory D:\Libraries\Documents\GitHub\Datos1.Proyecto3\Datos1.Proyecto3.Railspot\RailSpot.BackEnd\src\test\resources
2020-08-09 14:07:47,086 [Worker-56: Building] WARN  o.e.m.c.i.embedder.EclipseLogger - Using platform encoding (Cp1252 actually) to copy filtered resources, i.e. build is platform dependent!
2020-08-09 14:07:47,088 [Worker-56: Building] INFO  o.e.m.c.i.embedder.EclipseLogger - skip non existing resourceDirectory D:\Libraries\Documents\GitHub\Datos1.Proyecto3\Datos1.Proyecto3.Railspot\RailSpot.BackEnd\src\main\resources
2020-08-09 14:07:47,090 [Worker-56: Building] WARN  o.e.m.c.i.embedder.EclipseLogger - Using platform encoding (Cp1252 actually) to copy filtered resources, i.e. build is platform dependent!
2020-08-09 14:07:47,092 [Worker-56: Building] INFO  o.e.m.c.i.embedder.EclipseLogger - skip non existing resourceDirectory D:\Libraries\Documents\GitHub\Datos1.Proyecto3\Datos1.Proyecto3.Railspot\RailSpot.BackEnd\src\test\resources
2020-08-09 14:07:49,509 [Worker-56: Building] WARN  o.e.m.c.i.embedder.EclipseLogger - Using platform encoding (Cp1252 actually) to copy filtered resources, i.e. build is platform dependent!
2020-08-09 14:07:49,511 [Worker-56: Building] INFO  o.e.m.c.i.embedder.EclipseLogger - skip non existing resourceDirectory D:\Libraries\Documents\GitHub\Datos1.Proyecto3\Datos1.Proyecto3.Railspot\RailSpot.BackEnd\src\main\resources
2020-08-09 14:07:49,512 [Worker-56: Building] WARN  o.e.m.c.i.embedder.EclipseLogger - Using platform encoding (Cp1252 actually) to copy filtered resources, i.e. build is platform dependent!
2020-08-09 14:07:49,514 [Worker-56: Building] INFO  o.e.m.c.i.embedder.EclipseLogger - skip non existing resourceDirectory D:\Libraries\Documents\GitHub\Datos1.Proyecto3\Datos1.Proyecto3.Railspot\RailSpot.BackEnd\src\test\resources
2020-08-09 14:14:56,706 [Worker-62: Building] WARN  o.e.m.c.i.embedder.EclipseLogger - Using platform encoding (Cp1252 actually) to copy filtered resources, i.e. build is platform dependent!
2020-08-09 14:14:56,708 [Worker-62: Building] INFO  o.e.m.c.i.embedder.EclipseLogger - skip non existing resourceDirectory D:\Libraries\Documents\GitHub\Datos1.Proyecto3\Datos1.Proyecto3.Railspot\RailSpot.BackEnd\src\main\resources
2020-08-09 14:14:56,725 [Worker-62: Building] WARN  o.e.m.c.i.embedder.EclipseLogger - Using platform encoding (Cp1252 actually) to copy filtered resources, i.e. build is platform dependent!
2020-08-09 14:14:56,729 [Worker-62: Building] INFO  o.e.m.c.i.embedder.EclipseLogger - skip non existing resourceDirectory D:\Libraries\Documents\GitHub\Datos1.Proyecto3\Datos1.Proyecto3.Railspot\RailSpot.BackEnd\src\test\resources
2020-08-09 14:15:57,885 [Worker-61: Building] WARN  o.e.m.c.i.embedder.EclipseLogger - Using platform encoding (Cp1252 actually) to copy filtered resources, i.e. build is platform dependent!
2020-08-09 14:15:57,887 [Worker-61: Building] INFO  o.e.m.c.i.embedder.EclipseLogger - skip non existing resourceDirectory D:\Libraries\Documents\GitHub\Datos1.Proyecto3\Datos1.Proyecto3.Railspot\RailSpot.BackEnd\src\main\resources
2020-08-09 14:15:57,888 [Worker-61: Building] WARN  o.e.m.c.i.embedder.EclipseLogger - Using platform encoding (Cp1252 actually) to copy filtered resources, i.e. build is platform dependent!
2020-08-09 14:15:57,889 [Worker-61: Building] INFO  o.e.m.c.i.embedder.EclipseLogger - skip non existing resourceDirectory D:\Libraries\Documents\GitHub\Datos1.Proyecto3\Datos1.Proyecto3.Railspot\RailSpot.BackEnd\src\test\resources
2020-08-09 14:19:38,798 [Worker-65: Building] WARN  o.e.m.c.i.embedder.EclipseLogger - Using platform encoding (Cp1252 actually) to copy filtered resources, i.e. build is platform dependent!
2020-08-09 14:19:38,800 [Worker-65: Building] INFO  o.e.m.c.i.embedder.EclipseLogger - skip non existing resourceDirectory D:\Libraries\Documents\GitHub\Datos1.Proyecto3\Datos1.Proyecto3.Railspot\RailSpot.BackEnd\src\main\resources
2020-08-09 14:19:38,802 [Worker-65: Building] WARN  o.e.m.c.i.embedder.EclipseLogger - Using platform encoding (Cp1252 actually) to copy filtered resources, i.e. build is platform dependent!
2020-08-09 14:19:38,803 [Worker-65: Building] INFO  o.e.m.c.i.embedder.EclipseLogger - skip non existing resourceDirectory D:\Libraries\Documents\GitHub\Datos1.Proyecto3\Datos1.Proyecto3.Railspot\RailSpot.BackEnd\src\test\resources
2020-08-09 14:20:56,528 [Worker-64: Building] WARN  o.e.m.c.i.embedder.EclipseLogger - Using platform encoding (Cp1252 actually) to copy filtered resources, i.e. build is platform dependent!
2020-08-09 14:20:56,529 [Worker-64: Building] INFO  o.e.m.c.i.embedder.EclipseLogger - skip non existing resourceDirectory D:\Libraries\Documents\GitHub\Datos1.Proyecto3\Datos1.Proyecto3.Railspot\RailSpot.BackEnd\src\main\resources
2020-08-09 14:20:56,530 [Worker-64: Building] WARN  o.e.m.c.i.embedder.EclipseLogger - Using platform encoding (Cp1252 actually) to copy filtered resources, i.e. build is platform dependent!
2020-08-09 14:20:56,532 [Worker-64: Building] INFO  o.e.m.c.i.embedder.EclipseLogger - skip non existing resourceDirectory D:\Libraries\Documents\GitHub\Datos1.Proyecto3\Datos1.Proyecto3.Railspot\RailSpot.BackEnd\src\test\resources
2020-08-09 14:22:54,827 [Worker-64: Building] WARN  o.e.m.c.i.embedder.EclipseLogger - Using platform encoding (Cp1252 actually) to copy filtered resources, i.e. build is platform dependent!
2020-08-09 14:22:54,829 [Worker-64: Building] INFO  o.e.m.c.i.embedder.EclipseLogger - skip non existing resourceDirectory D:\Libraries\Documents\GitHub\Datos1.Proyecto3\Datos1.Proyecto3.Railspot\RailSpot.BackEnd\src\main\resources
2020-08-09 14:22:54,830 [Worker-64: Building] WARN  o.e.m.c.i.embedder.EclipseLogger - Using platform encoding (Cp1252 actually) to copy filtered resources, i.e. build is platform dependent!
2020-08-09 14:22:54,832 [Worker-64: Building] INFO  o.e.m.c.i.embedder.EclipseLogger - skip non existing resourceDirectory D:\Libraries\Documents\GitHub\Datos1.Proyecto3\Datos1.Proyecto3.Railspot\RailSpot.BackEnd\src\test\resources
2020-08-09 14:23:58,416 [Worker-71: Building] WARN  o.e.m.c.i.embedder.EclipseLogger - Using platform encoding (Cp1252 actually) to copy filtered resources, i.e. build is platform dependent!
2020-08-09 14:23:58,418 [Worker-71: Building] INFO  o.e.m.c.i.embedder.EclipseLogger - skip non existing resourceDirectory D:\Libraries\Documents\GitHub\Datos1.Proyecto3\Datos1.Proyecto3.Railspot\RailSpot.BackEnd\src\main\resources
2020-08-09 14:23:58,419 [Worker-71: Building] WARN  o.e.m.c.i.embedder.EclipseLogger - Using platform encoding (Cp1252 actually) to copy filtered resources, i.e. build is platform dependent!
2020-08-09 14:23:58,420 [Worker-71: Building] INFO  o.e.m.c.i.embedder.EclipseLogger - skip non existing resourceDirectory D:\Libraries\Documents\GitHub\Datos1.Proyecto3\Datos1.Proyecto3.Railspot\RailSpot.BackEnd\src\test\resources
2020-08-09 14:25:27,308 [Worker-66: Building] WARN  o.e.m.c.i.embedder.EclipseLogger - Using platform encoding (Cp1252 actually) to copy filtered resources, i.e. build is platform dependent!
2020-08-09 14:25:27,310 [Worker-66: Building] INFO  o.e.m.c.i.embedder.EclipseLogger - skip non existing resourceDirectory D:\Libraries\Documents\GitHub\Datos1.Proyecto3\Datos1.Proyecto3.Railspot\RailSpot.BackEnd\src\main\resources
2020-08-09 14:25:27,312 [Worker-66: Building] WARN  o.e.m.c.i.embedder.EclipseLogger - Using platform encoding (Cp1252 actually) to copy filtered resources, i.e. build is platform dependent!
2020-08-09 14:25:27,313 [Worker-66: Building] INFO  o.e.m.c.i.embedder.EclipseLogger - skip non existing resourceDirectory D:\Libraries\Documents\GitHub\Datos1.Proyecto3\Datos1.Proyecto3.Railspot\RailSpot.BackEnd\src\test\resources
2020-08-09 14:25:36,614 [Worker-72: Building] WARN  o.e.m.c.i.embedder.EclipseLogger - Using platform encoding (Cp1252 actually) to copy filtered resources, i.e. build is platform dependent!
2020-08-09 14:25:36,615 [Worker-72: Building] INFO  o.e.m.c.i.embedder.EclipseLogger - skip non existing resourceDirectory D:\Libraries\Documents\GitHub\Datos1.Proyecto3\Datos1.Proyecto3.Railspot\RailSpot.BackEnd\src\main\resources
2020-08-09 14:25:36,616 [Worker-72: Building] WARN  o.e.m.c.i.embedder.EclipseLogger - Using platform encoding (Cp1252 actually) to copy filtered resources, i.e. build is platform dependent!
2020-08-09 14:25:36,618 [Worker-72: Building] INFO  o.e.m.c.i.embedder.EclipseLogger - skip non existing resourceDirectory D:\Libraries\Documents\GitHub\Datos1.Proyecto3\Datos1.Proyecto3.Railspot\RailSpot.BackEnd\src\test\resources
2020-08-09 14:27:31,634 [Worker-73: Building] WARN  o.e.m.c.i.embedder.EclipseLogger - Using platform encoding (Cp1252 actually) to copy filtered resources, i.e. build is platform dependent!
2020-08-09 14:27:31,636 [Worker-73: Building] INFO  o.e.m.c.i.embedder.EclipseLogger - skip non existing resourceDirectory D:\Libraries\Documents\GitHub\Datos1.Proyecto3\Datos1.Proyecto3.Railspot\RailSpot.BackEnd\src\main\resources
2020-08-09 14:27:31,637 [Worker-73: Building] WARN  o.e.m.c.i.embedder.EclipseLogger - Using platform encoding (Cp1252 actually) to copy filtered resources, i.e. build is platform dependent!
2020-08-09 14:27:31,639 [Worker-73: Building] INFO  o.e.m.c.i.embedder.EclipseLogger - skip non existing resourceDirectory D:\Libraries\Documents\GitHub\Datos1.Proyecto3\Datos1.Proyecto3.Railspot\RailSpot.BackEnd\src\test\resources
2020-08-09 14:28:56,252 [Worker-70: Building] WARN  o.e.m.c.i.embedder.EclipseLogger - Using platform encoding (Cp1252 actually) to copy filtered resources, i.e. build is platform dependent!
2020-08-09 14:28:56,254 [Worker-70: Building] INFO  o.e.m.c.i.embedder.EclipseLogger - skip non existing resourceDirectory D:\Libraries\Documents\GitHub\Datos1.Proyecto3\Datos1.Proyecto3.Railspot\RailSpot.BackEnd\src\main\resources
2020-08-09 14:28:56,256 [Worker-70: Building] WARN  o.e.m.c.i.embedder.EclipseLogger - Using platform encoding (Cp1252 actually) to copy filtered resources, i.e. build is platform dependent!
2020-08-09 14:28:56,257 [Worker-70: Building] INFO  o.e.m.c.i.embedder.EclipseLogger - skip non existing resourceDirectory D:\Libraries\Documents\GitHub\Datos1.Proyecto3\Datos1.Proyecto3.Railspot\RailSpot.BackEnd\src\test\resources
2020-08-09 14:30:08,392 [Worker-66: Building] WARN  o.e.m.c.i.embedder.EclipseLogger - Using platform encoding (Cp1252 actually) to copy filtered resources, i.e. build is platform dependent!
2020-08-09 14:30:08,394 [Worker-66: Building] INFO  o.e.m.c.i.embedder.EclipseLogger - skip non existing resourceDirectory D:\Libraries\Documents\GitHub\Datos1.Proyecto3\Datos1.Proyecto3.Railspot\RailSpot.BackEnd\src\main\resources
2020-08-09 14:30:08,396 [Worker-66: Building] WARN  o.e.m.c.i.embedder.EclipseLogger - Using platform encoding (Cp1252 actually) to copy filtered resources, i.e. build is platform dependent!
2020-08-09 14:30:08,397 [Worker-66: Building] INFO  o.e.m.c.i.embedder.EclipseLogger - skip non existing resourceDirectory D:\Libraries\Documents\GitHub\Datos1.Proyecto3\Datos1.Proyecto3.Railspot\RailSpot.BackEnd\src\test\resources
2020-08-09 14:33:32,301 [Worker-72: Building] WARN  o.e.m.c.i.embedder.EclipseLogger - Using platform encoding (Cp1252 actually) to copy filtered resources, i.e. build is platform dependent!
2020-08-09 14:33:32,302 [Worker-72: Building] INFO  o.e.m.c.i.embedder.EclipseLogger - skip non existing resourceDirectory D:\Libraries\Documents\GitHub\Datos1.Proyecto3\Datos1.Proyecto3.Railspot\RailSpot.BackEnd\src\main\resources
2020-08-09 14:33:32,303 [Worker-72: Building] WARN  o.e.m.c.i.embedder.EclipseLogger - Using platform encoding (Cp1252 actually) to copy filtered resources, i.e. build is platform dependent!
2020-08-09 14:33:32,305 [Worker-72: Building] INFO  o.e.m.c.i.embedder.EclipseLogger - skip non existing resourceDirectory D:\Libraries\Documents\GitHub\Datos1.Proyecto3\Datos1.Proyecto3.Railspot\RailSpot.BackEnd\src\test\resources
2020-08-09 14:34:24,110 [Worker-72: Building] WARN  o.e.m.c.i.embedder.EclipseLogger - Using platform encoding (Cp1252 actually) to copy filtered resources, i.e. build is platform dependent!
2020-08-09 14:34:24,112 [Worker-72: Building] INFO  o.e.m.c.i.embedder.EclipseLogger - skip non existing resourceDirectory D:\Libraries\Documents\GitHub\Datos1.Proyecto3\Datos1.Proyecto3.Railspot\RailSpot.BackEnd\src\main\resources
2020-08-09 14:34:24,114 [Worker-72: Building] WARN  o.e.m.c.i.embedder.EclipseLogger - Using platform encoding (Cp1252 actually) to copy filtered resources, i.e. build is platform dependent!
2020-08-09 14:34:24,115 [Worker-72: Building] INFO  o.e.m.c.i.embedder.EclipseLogger - skip non existing resourceDirectory D:\Libraries\Documents\GitHub\Datos1.Proyecto3\Datos1.Proyecto3.Railspot\RailSpot.BackEnd\src\test\resources
2020-08-09 14:35:55,452 [Worker-74: Building] WARN  o.e.m.c.i.embedder.EclipseLogger - Using platform encoding (Cp1252 actually) to copy filtered resources, i.e. build is platform dependent!
2020-08-09 14:35:55,454 [Worker-74: Building] INFO  o.e.m.c.i.embedder.EclipseLogger - skip non existing resourceDirectory D:\Libraries\Documents\GitHub\Datos1.Proyecto3\Datos1.Proyecto3.Railspot\RailSpot.BackEnd\src\main\resources
2020-08-09 14:35:55,455 [Worker-74: Building] WARN  o.e.m.c.i.embedder.EclipseLogger - Using platform encoding (Cp1252 actually) to copy filtered resources, i.e. build is platform dependent!
2020-08-09 14:35:55,457 [Worker-74: Building] INFO  o.e.m.c.i.embedder.EclipseLogger - skip non existing resourceDirectory D:\Libraries\Documents\GitHub\Datos1.Proyecto3\Datos1.Proyecto3.Railspot\RailSpot.BackEnd\src\test\resources
2020-08-09 14:36:16,136 [Worker-75: Building] WARN  o.e.m.c.i.embedder.EclipseLogger - Using platform encoding (Cp1252 actually) to copy filtered resources, i.e. build is platform dependent!
2020-08-09 14:36:16,137 [Worker-75: Building] INFO  o.e.m.c.i.embedder.EclipseLogger - skip non existing resourceDirectory D:\Libraries\Documents\GitHub\Datos1.Proyecto3\Datos1.Proyecto3.Railspot\RailSpot.BackEnd\src\main\resources
2020-08-09 14:36:16,139 [Worker-75: Building] WARN  o.e.m.c.i.embedder.EclipseLogger - Using platform encoding (Cp1252 actually) to copy filtered resources, i.e. build is platform dependent!
2020-08-09 14:36:16,153 [Worker-75: Building] INFO  o.e.m.c.i.embedder.EclipseLogger - skip non existing resourceDirectory D:\Libraries\Documents\GitHub\Datos1.Proyecto3\Datos1.Proyecto3.Railspot\RailSpot.BackEnd\src\test\resources
2020-08-09 14:37:03,124 [Worker-72: Building] WARN  o.e.m.c.i.embedder.EclipseLogger - Using platform encoding (Cp1252 actually) to copy filtered resources, i.e. build is platform dependent!
2020-08-09 14:37:03,125 [Worker-72: Building] INFO  o.e.m.c.i.embedder.EclipseLogger - skip non existing resourceDirectory D:\Libraries\Documents\GitHub\Datos1.Proyecto3\Datos1.Proyecto3.Railspot\RailSpot.BackEnd\src\main\resources
2020-08-09 14:37:03,127 [Worker-72: Building] WARN  o.e.m.c.i.embedder.EclipseLogger - Using platform encoding (Cp1252 actually) to copy filtered resources, i.e. build is platform dependent!
2020-08-09 14:37:03,128 [Worker-72: Building] INFO  o.e.m.c.i.embedder.EclipseLogger - skip non existing resourceDirectory D:\Libraries\Documents\GitHub\Datos1.Proyecto3\Datos1.Proyecto3.Railspot\RailSpot.BackEnd\src\test\resources
2020-08-09 14:37:34,321 [Worker-72: Building] WARN  o.e.m.c.i.embedder.EclipseLogger - Using platform encoding (Cp1252 actually) to copy filtered resources, i.e. build is platform dependent!
2020-08-09 14:37:34,323 [Worker-72: Building] INFO  o.e.m.c.i.embedder.EclipseLogger - skip non existing resourceDirectory D:\Libraries\Documents\GitHub\Datos1.Proyecto3\Datos1.Proyecto3.Railspot\RailSpot.BackEnd\src\main\resources
2020-08-09 14:37:34,324 [Worker-72: Building] WARN  o.e.m.c.i.embedder.EclipseLogger - Using platform encoding (Cp1252 actually) to copy filtered resources, i.e. build is platform dependent!
2020-08-09 14:37:34,325 [Worker-72: Building] INFO  o.e.m.c.i.embedder.EclipseLogger - skip non existing resourceDirectory D:\Libraries\Documents\GitHub\Datos1.Proyecto3\Datos1.Proyecto3.Railspot\RailSpot.BackEnd\src\test\resources
2020-08-09 14:38:43,525 [Worker-66: Building] WARN  o.e.m.c.i.embedder.EclipseLogger - Using platform encoding (Cp1252 actually) to copy filtered resources, i.e. build is platform dependent!
2020-08-09 14:38:43,527 [Worker-66: Building] INFO  o.e.m.c.i.embedder.EclipseLogger - skip non existing resourceDirectory D:\Libraries\Documents\GitHub\Datos1.Proyecto3\Datos1.Proyecto3.Railspot\RailSpot.BackEnd\src\main\resources
2020-08-09 14:38:43,528 [Worker-66: Building] WARN  o.e.m.c.i.embedder.EclipseLogger - Using platform encoding (Cp1252 actually) to copy filtered resources, i.e. build is platform dependent!
2020-08-09 14:38:43,529 [Worker-66: Building] INFO  o.e.m.c.i.embedder.EclipseLogger - skip non existing resourceDirectory D:\Libraries\Documents\GitHub\Datos1.Proyecto3\Datos1.Proyecto3.Railspot\RailSpot.BackEnd\src\test\resources
2020-08-09 14:39:53,359 [Worker-74: Building] WARN  o.e.m.c.i.embedder.EclipseLogger - Using platform encoding (Cp1252 actually) to copy filtered resources, i.e. build is platform dependent!
2020-08-09 14:39:53,361 [Worker-74: Building] INFO  o.e.m.c.i.embedder.EclipseLogger - skip non existing resourceDirectory D:\Libraries\Documents\GitHub\Datos1.Proyecto3\Datos1.Proyecto3.Railspot\RailSpot.BackEnd\src\main\resources
2020-08-09 14:39:53,362 [Worker-74: Building] WARN  o.e.m.c.i.embedder.EclipseLogger - Using platform encoding (Cp1252 actually) to copy filtered resources, i.e. build is platform dependent!
2020-08-09 14:39:53,363 [Worker-74: Building] INFO  o.e.m.c.i.embedder.EclipseLogger - skip non existing resourceDirectory D:\Libraries\Documents\GitHub\Datos1.Proyecto3\Datos1.Proyecto3.Railspot\RailSpot.BackEnd\src\test\resources
2020-08-09 14:41:16,605 [Worker-73: Building] WARN  o.e.m.c.i.embedder.EclipseLogger - Using platform encoding (Cp1252 actually) to copy filtered resources, i.e. build is platform dependent!
2020-08-09 14:41:16,606 [Worker-73: Building] INFO  o.e.m.c.i.embedder.EclipseLogger - skip non existing resourceDirectory D:\Libraries\Documents\GitHub\Datos1.Proyecto3\Datos1.Proyecto3.Railspot\RailSpot.BackEnd\src\main\resources
2020-08-09 14:41:16,607 [Worker-73: Building] WARN  o.e.m.c.i.embedder.EclipseLogger - Using platform encoding (Cp1252 actually) to copy filtered resources, i.e. build is platform dependent!
2020-08-09 14:41:16,609 [Worker-73: Building] INFO  o.e.m.c.i.embedder.EclipseLogger - skip non existing resourceDirectory D:\Libraries\Documents\GitHub\Datos1.Proyecto3\Datos1.Proyecto3.Railspot\RailSpot.BackEnd\src\test\resources
2020-08-09 14:41:27,920 [Worker-74: Building] WARN  o.e.m.c.i.embedder.EclipseLogger - Using platform encoding (Cp1252 actually) to copy filtered resources, i.e. build is platform dependent!
2020-08-09 14:41:27,922 [Worker-74: Building] INFO  o.e.m.c.i.embedder.EclipseLogger - skip non existing resourceDirectory D:\Libraries\Documents\GitHub\Datos1.Proyecto3\Datos1.Proyecto3.Railspot\RailSpot.BackEnd\src\main\resources
2020-08-09 14:41:27,923 [Worker-74: Building] WARN  o.e.m.c.i.embedder.EclipseLogger - Using platform encoding (Cp1252 actually) to copy filtered resources, i.e. build is platform dependent!
2020-08-09 14:41:27,924 [Worker-74: Building] INFO  o.e.m.c.i.embedder.EclipseLogger - skip non existing resourceDirectory D:\Libraries\Documents\GitHub\Datos1.Proyecto3\Datos1.Proyecto3.Railspot\RailSpot.BackEnd\src\test\resources
2020-08-09 14:45:07,400 [Worker-78: Building] WARN  o.e.m.c.i.embedder.EclipseLogger - Using platform encoding (Cp1252 actually) to copy filtered resources, i.e. build is platform dependent!
2020-08-09 14:45:07,401 [Worker-78: Building] INFO  o.e.m.c.i.embedder.EclipseLogger - skip non existing resourceDirectory D:\Libraries\Documents\GitHub\Datos1.Proyecto3\Datos1.Proyecto3.Railspot\RailSpot.BackEnd\src\main\resources
2020-08-09 14:45:07,402 [Worker-78: Building] WARN  o.e.m.c.i.embedder.EclipseLogger - Using platform encoding (Cp1252 actually) to copy filtered resources, i.e. build is platform dependent!
2020-08-09 14:45:07,404 [Worker-78: Building] INFO  o.e.m.c.i.embedder.EclipseLogger - skip non existing resourceDirectory D:\Libraries\Documents\GitHub\Datos1.Proyecto3\Datos1.Proyecto3.Railspot\RailSpot.BackEnd\src\test\resources
2020-08-09 14:45:08,446 [Worker-79: Building] WARN  o.e.m.c.i.embedder.EclipseLogger - Using platform encoding (Cp1252 actually) to copy filtered resources, i.e. build is platform dependent!
2020-08-09 14:45:08,447 [Worker-79: Building] INFO  o.e.m.c.i.embedder.EclipseLogger - skip non existing resourceDirectory D:\Libraries\Documents\GitHub\Datos1.Proyecto3\Datos1.Proyecto3.Railspot\RailSpot.BackEnd\src\main\resources
2020-08-09 14:45:08,448 [Worker-79: Building] WARN  o.e.m.c.i.embedder.EclipseLogger - Using platform encoding (Cp1252 actually) to copy filtered resources, i.e. build is platform dependent!
2020-08-09 14:45:08,449 [Worker-79: Building] INFO  o.e.m.c.i.embedder.EclipseLogger - skip non existing resourceDirectory D:\Libraries\Documents\GitHub\Datos1.Proyecto3\Datos1.Proyecto3.Railspot\RailSpot.BackEnd\src\test\resources
2020-08-09 14:48:55,408 [Worker-86: Building] WARN  o.e.m.c.i.embedder.EclipseLogger - Using platform encoding (Cp1252 actually) to copy filtered resources, i.e. build is platform dependent!
2020-08-09 14:48:55,409 [Worker-86: Building] INFO  o.e.m.c.i.embedder.EclipseLogger - skip non existing resourceDirectory D:\Libraries\Documents\GitHub\Datos1.Proyecto3\Datos1.Proyecto3.Railspot\RailSpot.BackEnd\src\main\resources
2020-08-09 14:48:55,410 [Worker-86: Building] WARN  o.e.m.c.i.embedder.EclipseLogger - Using platform encoding (Cp1252 actually) to copy filtered resources, i.e. build is platform dependent!
2020-08-09 14:48:55,412 [Worker-86: Building] INFO  o.e.m.c.i.embedder.EclipseLogger - skip non existing resourceDirectory D:\Libraries\Documents\GitHub\Datos1.Proyecto3\Datos1.Proyecto3.Railspot\RailSpot.BackEnd\src\test\resources
